{"/Users/emilytravo/Desktop/1.4 unit testing/cardNum.js": {"path":"/Users/emilytravo/Desktop/1.4 unit testing/cardNum.js","statementMap":{"0":{"start":{"line":18,"column":16},"end":{"line":30,"column":1}},"1":{"start":{"line":20,"column":17},"end":{"line":20,"column":34}},"2":{"start":{"line":21,"column":2},"end":{"line":23,"column":3}},"3":{"start":{"line":22,"column":4},"end":{"line":22,"column":33}},"4":{"start":{"line":26,"column":19},"end":{"line":26,"column":39}},"5":{"start":{"line":28,"column":19},"end":{"line":28,"column":52}},"6":{"start":{"line":29,"column":2},"end":{"line":29,"column":18}},"7":{"start":{"line":32,"column":0},"end":{"line":32,"column":25}}},"fnMap":{"0":{"name":"(anonymous_0)","decl":{"start":{"line":18,"column":16},"end":{"line":18,"column":17}},"loc":{"start":{"line":18,"column":32},"end":{"line":30,"column":1}},"line":18}},"branchMap":{"0":{"loc":{"start":{"line":21,"column":2},"end":{"line":23,"column":3}},"type":"if","locations":[{"start":{"line":21,"column":2},"end":{"line":23,"column":3}},{"start":{},"end":{}}],"line":21},"1":{"loc":{"start":{"line":21,"column":6},"end":{"line":21,"column":32}},"type":"binary-expr","locations":[{"start":{"line":21,"column":6},"end":{"line":21,"column":17}},{"start":{"line":21,"column":21},"end":{"line":21,"column":32}}],"line":21}},"s":{"0":1,"1":4,"2":4,"3":2,"4":2,"5":2,"6":2,"7":1},"f":{"0":4},"b":{"0":[2,2],"1":[4,3]},"_coverageSchema":"1a1c01bbd47fc00a2c39e90264f33305004495a9","hash":"434f0998a6c9b3076e013641059b1fddd03d2c68"}
}
